timestamp: 2019-05-04T21:46:47.244074
CREATE TABLE "web2py_session_hw3"(
    "id" INTEGER PRIMARY KEY AUTOINCREMENT,
    "locked" CHAR(1),
    "client_ip" CHAR(64),
    "created_datetime" TIMESTAMP,
    "modified_datetime" TIMESTAMP,
    "unique_key" CHAR(64),
    "session_data" BLOB
);
success!
timestamp: 2019-05-04T21:46:47.308076
CREATE TABLE "auth_user"(
    "id" INTEGER PRIMARY KEY AUTOINCREMENT,
    "first_name" CHAR(128),
    "last_name" CHAR(128),
    "email" CHAR(512),
    "password" CHAR(512),
    "registration_key" CHAR(512),
    "reset_password_key" CHAR(512),
    "registration_id" CHAR(512)
);
success!
timestamp: 2019-05-04T21:46:47.322187
CREATE TABLE "auth_group"(
    "id" INTEGER PRIMARY KEY AUTOINCREMENT,
    "role" CHAR(512),
    "description" TEXT
);
success!
timestamp: 2019-05-04T21:46:47.336935
CREATE TABLE "auth_membership"(
    "id" INTEGER PRIMARY KEY AUTOINCREMENT,
    "user_id" INTEGER REFERENCES "auth_user" ("id") ON DELETE CASCADE  ,
    "group_id" INTEGER REFERENCES "auth_group" ("id") ON DELETE CASCADE  
);
success!
timestamp: 2019-05-04T21:46:47.352265
CREATE TABLE "auth_permission"(
    "id" INTEGER PRIMARY KEY AUTOINCREMENT,
    "group_id" INTEGER REFERENCES "auth_group" ("id") ON DELETE CASCADE  ,
    "name" CHAR(512),
    "table_name" CHAR(512),
    "record_id" INTEGER
);
success!
timestamp: 2019-05-04T21:46:47.367932
CREATE TABLE "auth_event"(
    "id" INTEGER PRIMARY KEY AUTOINCREMENT,
    "time_stamp" TIMESTAMP,
    "client_ip" CHAR(512),
    "user_id" INTEGER REFERENCES "auth_user" ("id") ON DELETE CASCADE  ,
    "origin" CHAR(512),
    "description" TEXT
);
success!
timestamp: 2019-05-04T21:46:47.383456
CREATE TABLE "auth_cas"(
    "id" INTEGER PRIMARY KEY AUTOINCREMENT,
    "user_id" INTEGER REFERENCES "auth_user" ("id") ON DELETE CASCADE  ,
    "created_on" TIMESTAMP,
    "service" CHAR(512),
    "ticket" CHAR(512),
    "renew" CHAR(1)
);
success!
timestamp: 2019-05-04T21:46:47.405497
CREATE TABLE "product"(
    "id" INTEGER PRIMARY KEY AUTOINCREMENT,
    "product_name" CHAR(512),
    "product_quantity" INTEGER,
    "sales_price" DOUBLE
);
success!
timestamp: 2019-05-04T21:46:47.421898
CREATE TABLE "profile"(
    "id" INTEGER PRIMARY KEY AUTOINCREMENT
);
success!
timestamp: 2019-05-04T21:53:12.140655
CREATE TABLE "orders"(
    "id" INTEGER PRIMARY KEY AUTOINCREMENT
);
success!
timestamp: 2019-05-04T23:27:46.520435
CREATE TABLE "user_profile"(
    "id" INTEGER PRIMARY KEY AUTOINCREMENT,
    "email" CHAR(512),
    "name" CHAR(512),
    "street" CHAR(512),
    "city" CHAR(512),
    "zip" INTEGER
);
success!
timestamp: 2019-05-04T23:27:46.538186
ALTER TABLE "orders" ADD "product_id" INTEGER;
timestamp: 2019-05-04T23:27:46.548905
ALTER TABLE "orders" ADD "amount_paid" DOUBLE;
timestamp: 2019-05-04T23:27:46.558702
ALTER TABLE "orders" ADD "email" CHAR(512);
timestamp: 2019-05-04T23:27:46.568755
ALTER TABLE "orders" ADD "order_date" DATE;
timestamp: 2019-05-04T23:27:46.583268
ALTER TABLE "orders" ADD "quantity" INTEGER;
success!
